<?xml version="1.0" encoding="UTF-8"?>
<!-- Generated by org.testng.reporters.JUnitReportReporter -->
<testsuite hostname="TYSS-Sinjon-Hazarika" failures="0" tests="1" name="org.automation.testScripts.Wishlist_TestCase" time="6.138" errors="0" timestamp="2024-02-07T15:07:02 IST" skipped="0">
  <testcase classname="org.automation.testScripts.Wishlist_TestCase" name="wishListTestCase" time="6.138"/>
  <system-out>
    <![CDATA[Books page is displayed
FictionEX page is displayed
Wish list page is displayed
TestCase Passed]]>
  </system-out>
</testsuite> <!-- org.automation.testScripts.Wishlist_TestCase -->
